# JRE version: Java(TM) SE Runtime Environment (21.0.1+12) (build 21.0.1+12-LTS-29)
# Java VM: Java HotSpot(TM) 64-Bit Server VM (21.0.1+12-LTS-29, mixed mode, sharing, tiered, compressed oops, compressed class ptrs, g1 gc, windows-amd64)
GC Precious Log:
 CardTable entry size: 512
 Card Set container configuration: InlinePtr #cards 5 size 8 Array Of Cards #cards 12 size 40 Howl #buckets 4 coarsen threshold 1843 Howl Bitmap #cards 512 size 80 coarsen threshold 460 Card regions per heap region 1 cards per card region 2048
 CPUs: 4 total, 4 available
 Memory: 4000M
 Large Page Support: Disabled
 NUMA Support: Disabled
 Compressed Oops: Enabled (32-bit)
 Heap Region Size: 1M
 Heap Min Capacity: 8M
 Heap Initial Capacity: 64M
 Heap Max Capacity: 1002M
 Pre-touch: Disabled
 Parallel Workers: 4
 Concurrent Workers: 1
 Concurrent Refinement Workers: 4
 Periodic GC: Disabled
Heap:
 garbage-first heap   total 55296K, used 46102K [0x00000000c1600000, 0x0000000100000000)
  region size 1024K, 33 young (33792K), 4 survivors (4096K)
 Metaspace       used 25808K, committed 26176K, reserved 1114112K
  class space    used 2886K, committed 3072K, reserved 1048576K
GC Heap History (14 events):
Event: 4.386 GC heap before
{Heap before GC invocations=0 (full 0):
 garbage-first heap   total 65536K, used 13312K [0x00000000c1600000, 0x0000000100000000)
  region size 1024K, 13 young (13312K), 0 survivors (0K)
 Metaspace       used 3839K, committed 4032K, reserved 1114112K
  class space    used 382K, committed 512K, reserved 1048576K
}
Event: 4.399 GC heap after
{Heap after GC invocations=1 (full 0):
 garbage-first heap   total 65536K, used 3328K [0x00000000c1600000, 0x0000000100000000)
  region size 1024K, 2 young (2048K), 2 survivors (2048K)
 Metaspace       used 3839K, committed 4032K, reserved 1114112K
  class space    used 382K, committed 512K, reserved 1048576K
}
Event: 5.135 GC heap before
{Heap before GC invocations=1 (full 0):
 garbage-first heap   total 65536K, used 18688K [0x00000000c1600000, 0x0000000100000000)
  region size 1024K, 17 young (17408K), 2 survivors (2048K)
 Metaspace       used 6290K, committed 6464K, reserved 1114112K
  class space    used 726K, committed 832K, reserved 1048576K
}
Event: 5.146 GC heap after
{Heap after GC invocations=2 (full 0):
 garbage-first heap   total 65536K, used 4245K [0x00000000c1600000, 0x0000000100000000)
  region size 1024K, 1 young (1024K), 1 survivors (1024K)
 Metaspace       used 6290K, committed 6464K, reserved 1114112K
  class space    used 726K, committed 832K, reserved 1048576K
}
Event: 8.954 GC heap before
{Heap before GC invocations=2 (full 0):
 garbage-first heap   total 65536K, used 42133K [0x00000000c1600000, 0x0000000100000000)
  region size 1024K, 38 young (38912K), 1 survivors (1024K)
 Metaspace       used 13332K, committed 13568K, reserved 1114112K
  class space    used 1608K, committed 1728K, reserved 1048576K
}
Event: 8.970 GC heap after
{Heap after GC invocations=3 (full 0):
 garbage-first heap   total 65536K, used 6924K [0x00000000c1600000, 0x0000000100000000)
  region size 1024K, 4 young (4096K), 4 survivors (4096K)
 Metaspace       used 13332K, committed 13568K, reserved 1114112K
  class space    used 1608K, committed 1728K, reserved 1048576K
}
Event: 11.065 GC heap before
{Heap before GC invocations=3 (full 0):
 garbage-first heap   total 65536K, used 41740K [0x00000000c1600000, 0x0000000100000000)
  region size 1024K, 38 young (38912K), 4 survivors (4096K)
 Metaspace       used 16015K, committed 16256K, reserved 1114112K
  class space    used 1860K, committed 1984K, reserved 1048576K
}
Event: 11.095 GC heap after
{Heap after GC invocations=4 (full 0):
 garbage-first heap   total 65536K, used 9894K [0x00000000c1600000, 0x0000000100000000)
  region size 1024K, 3 young (3072K), 3 survivors (3072K)
 Metaspace       used 16015K, committed 16256K, reserved 1114112K
  class space    used 1860K, committed 1984K, reserved 1048576K
}
Event: 15.214 GC heap before
{Heap before GC invocations=4 (full 0):
 garbage-first heap   total 65536K, used 45734K [0x00000000c1600000, 0x0000000100000000)
  region size 1024K, 38 young (38912K), 3 survivors (3072K)
 Metaspace       used 16411K, committed 16640K, reserved 1114112K
  class space    used 1864K, committed 1984K, reserved 1048576K
}
Event: 15.233 GC heap after
{Heap after GC invocations=5 (full 0):
 garbage-first heap   total 65536K, used 11791K [0x00000000c1600000, 0x0000000100000000)
  region size 1024K, 2 young (2048K), 2 survivors (2048K)
 Metaspace       used 16411K, committed 16640K, reserved 1114112K
  class space    used 1864K, committed 1984K, reserved 1048576K
}
Event: 19.557 GC heap before
{Heap before GC invocations=5 (full 0):
 garbage-first heap   total 65536K, used 48655K [0x00000000c1600000, 0x0000000100000000)
  region size 1024K, 38 young (38912K), 2 survivors (2048K)
 Metaspace       used 19669K, committed 20032K, reserved 1114112K
  class space    used 2210K, committed 2368K, reserved 1048576K
}
Event: 19.570 GC heap after
{Heap after GC invocations=6 (full 0):
 garbage-first heap   total 65536K, used 14238K [0x00000000c1600000, 0x0000000100000000)
  region size 1024K, 5 young (5120K), 5 survivors (5120K)
 Metaspace       used 19669K, committed 20032K, reserved 1114112K
  class space    used 2210K, committed 2368K, reserved 1048576K
}
Event: 20.287 GC heap before
{Heap before GC invocations=6 (full 0):
 garbage-first heap   total 65536K, used 22430K [0x00000000c1600000, 0x0000000100000000)
  region size 1024K, 13 young (13312K), 5 survivors (5120K)
 Metaspace       used 21215K, committed 21504K, reserved 1114112K
  class space    used 2429K, committed 2560K, reserved 1048576K
}
Event: 20.304 GC heap after
{Heap after GC invocations=7 (full 0):
 garbage-first heap   total 65536K, used 14358K [0x00000000c1600000, 0x0000000100000000)
  region size 1024K, 3 young (3072K), 3 survivors (3072K)
 Metaspace       used 21215K, committed 21504K, reserved 1114112K
  class space    used 2429K, committed 2560K, reserved 1048576K
}

