<?xml version="1.0" encoding="UTF-8"?>
<!-- Generated by org.testng.reporters.JUnitXMLReporter -->
<testsuite ignored="0" hostname="DESKTOP-GLA0AO1" failures="0" tests="3" name="Default test" time="179.966" errors="0" timestamp="2024-06-19T11:58:42 IST">
  <testcase classname="com.comcast.crm.contacttest.CreateContactWithMandatoryField" name="createContactTest" time="40.786"/>
  <testcase classname="com.comcast.crm.contacttest.CreateContactWithMandatoryField" name="createContactWithOrgTest" time="29.95"/>
  <testcase classname="com.comcast.crm.contacttest.CreateContactWithMandatoryField" name="createContactWithSupport" time="15.32"/>
</testsuite> <!-- Default test -->
