<?xml version="1.0" encoding="UTF-8"?>
<!-- Generated by org.testng.reporters.JUnitXMLReporter -->
<testsuite ignored="0" hostname="DESKTOP-GLA0AO1" failures="0" tests="3" name="Default test" time="105.225" errors="0" timestamp="2024-05-20T18:17:55 IST">
  <testcase classname="com.comcast.crm.contacttest.CreateContactWithMandatoryField" name="createContactTest" time="16.883"/>
  <testcase classname="com.comcast.crm.contacttest.CreateContactWithMandatoryField" name="createContactWithOrgTest" time="29.497"/>
  <testcase classname="com.comcast.crm.contacttest.CreateContactWithMandatoryField" name="createContactWithSupport" time="15.686"/>
</testsuite> <!-- Default test -->
