<?xml version="1.0" encoding="UTF-8"?>
<!-- Generated by org.testng.reporters.JUnitXMLReporter -->
<testsuite ignored="7" hostname="DESKTOP-GLA0AO1" failures="0" tests="0" name="Test" time="41.86" errors="0" timestamp="2024-05-16T08:50:03 IST">
  <testcase classname="com.comcast.crm.generic.basetest.BaseClass" name="@BeforeSuite beforeSuiteTest" time="0.0">
    <ignored/>
  </testcase> <!-- @BeforeSuite beforeSuiteTest -->
  <testcase classname="com.comcast.crm.contacttest.CreateContactWithMandatoryField" name="createContactWithOrgTest" time="0.0">
    <ignored/>
  </testcase> <!-- createContactWithOrgTest -->
  <testcase classname="com.comcast.crm.generic.basetest.BaseClass" name="@AfterSuite afterSuiteTest" time="0.0">
    <ignored/>
  </testcase> <!-- @AfterSuite afterSuiteTest -->
  <testcase classname="com.comcast.crm.contacttest.CreateContactWithMandatoryField" name="createContactWithSupport" time="0.0">
    <ignored/>
  </testcase> <!-- createContactWithSupport -->
  <testcase classname="com.comcast.crm.orgtest.CreateOrganizationTest" name="createOrganizationWithIndustry" time="0.0">
    <ignored/>
  </testcase> <!-- createOrganizationWithIndustry -->
  <testcase classname="com.comcast.crm.orgtest.CreateOrganizationTest" name="deleteOrganizationTest" time="0.0">
    <ignored/>
  </testcase> <!-- deleteOrganizationTest -->
  <testcase classname="com.comcast.crm.orgtest.CreateOrganizationTest" name="createOrganizationWithPhoneNumber" time="0.0">
    <ignored/>
  </testcase> <!-- createOrganizationWithPhoneNumber -->
</testsuite> <!-- Test -->
