<?xml version="1.0" encoding="UTF-8"?>
<!-- Generated by org.testng.reporters.JUnitXMLReporter -->
<testsuite ignored="0" hostname="DESKTOP-GLA0AO1" failures="0" tests="4" name="TestRunner-Cross-Browser-Chrome" time="216.372" errors="0" timestamp="2024-05-06T10:11:01 IST">
  <testcase classname="com.comcast.crm.orgtest.CreateOrganizationTest" name="createOrganizationTest" time="48.36"/>
  <testcase classname="com.comcast.crm.orgtest.CreateOrganizationTest" name="createOrganizationWithIndustry" time="30.312"/>
  <testcase classname="com.comcast.crm.orgtest.CreateOrganizationTest" name="createOrganizationWithPhoneNumber" time="20.981"/>
  <testcase classname="com.comcast.crm.orgtest.CreateOrganizationTest" name="deleteOrganizationTest" time="20.536"/>
</testsuite> <!-- TestRunner-Cross-Browser-Chrome -->
